<?xml version="1.0" encoding="UTF-8"?>
<testsuites name="LoginTest" time="130.038" tests="7" failures="0" errors="0">
   <testsuite name="LoginTest" tests="7" failures="0" errors="0" time="130.038" skipped="0" timestamp="26-03-2024T21:53:00" hostname="visha - Vishagna" id="Test Suites/LoginTest">
      <properties>
         <property name="deviceName" value=""/>
         <property name="devicePlatform" value=""/>
         <property name="logFolder" value="C:\\Users\\visha\\git\\Lab04TestData\\Reports\\20240326_215251\\LoginTest\\20240326_215251"/>
         <property name="logFiles" value="C:\\Users\\visha\\git\\Lab04TestData\\Reports\\20240326_215251\\LoginTest\\20240326_215251\\execution0.log"/>
         <property name="attachments" value=""/>
         <property name="hostName" value="visha - Vishagna"/>
         <property name="os" value="Windows 11 64bit"/>
         <property name="katalonVersion" value="9.3.1.212"/>
         <property name="browser" value="Chrome 123.0.0.0"/>
         <property name="hostAddress" value="192.168.1.3"/>
         <property name="sessionId" value="1263a20b8bf9f2a5d617e82f2a6bb32d"/>
         <property name="seleniumVersion" value="3.141.59"/>
         <property name="proxyInformation" value="ProxyInformation { proxyOption=NO_PROXY, proxyServerType=HTTP, username=, password=********, proxyServerAddress=, proxyServerPort=0, executionList=&quot;&quot;, isApplyToDesiredCapabilities=true }"/>
         <property name="platform" value="Windows 11"/>
      </properties>
      <testcase name="Test Cases/Login" time="7.323" classname="Test Cases/Login" status="PASSED">
         <system-out><![CDATA[26-03-2024T21:53:00 - [TEST_CASE][PASSED] - Test Cases/Login: Test Cases/Login

26-03-2024T21:53:00 - [TEST_STEP][PASSED] - openBrowser(""): Browser is opened with url: ''

26-03-2024T21:53:00 - [MESSAGE][INFO] - Starting 'Chrome' driver

26-03-2024T21:53:00 - [MESSAGE][INFO] - Action delay is set to 0 milliseconds

26-03-2024T21:53:02 - [MESSAGE][PASSED] - Browser is opened with url: ''

26-03-2024T21:53:02 - [TEST_STEP][PASSED] - navigateToUrl("https://www.saucedemo.com/"): Navigate to 'https://www.saucedemo.com/' successfully

26-03-2024T21:53:03 - [MESSAGE][PASSED] - Navigate to 'https://www.saucedemo.com/' successfully

26-03-2024T21:53:03 - [TEST_STEP][PASSED] - maximizeWindow(): Current window maximized

26-03-2024T21:53:03 - [MESSAGE][PASSED] - Current window maximized

26-03-2024T21:53:03 - [TEST_STEP][PASSED] - setText(findTestObject("Object Repository/Page_Swag Labs/input_Swag Labs_user-name"), username): Text '' is set on object 'Object Repository/Page_Swag Labs/input_Swag Labs_user-name'

26-03-2024T21:53:05 - [MESSAGE][PASSED] - Text '' is set on object 'Object Repository/Page_Swag Labs/input_Swag Labs_user-name'

26-03-2024T21:53:05 - [TEST_STEP][PASSED] - setText(findTestObject("Object Repository/Page_Swag Labs/input_Swag Labs_password"), password): Text 'secret_sauce' is set on object 'Object Repository/Page_Swag Labs/input_Swag Labs_password'

26-03-2024T21:53:06 - [MESSAGE][PASSED] - Text 'secret_sauce' is set on object 'Object Repository/Page_Swag Labs/input_Swag Labs_password'

26-03-2024T21:53:06 - [TEST_STEP][PASSED] - click(findTestObject("Object Repository/Page_Swag Labs/input_Swag Labs_login-button")): Object: 'Object Repository/Page_Swag Labs/input_Swag Labs_login-button' is clicked on

26-03-2024T21:53:06 - [MESSAGE][PASSED] - Object: 'Object Repository/Page_Swag Labs/input_Swag Labs_login-button' is clicked on

26-03-2024T21:53:06 - [TEST_STEP][PASSED] - verifyTextPresent(verifytext, false): Text 'Epic sadface: Username is required' is present on page 

26-03-2024T21:53:07 - [MESSAGE][PASSED] - Text 'Epic sadface: Username is required' is present on page 

26-03-2024T21:53:07 - [TEST_STEP][PASSED] - closeBrowser(): Browser is closed

26-03-2024T21:53:07 - [MESSAGE][PASSED] - Browser is closed]]></system-out>
         <system-err><![CDATA[]]></system-err>
      </testcase>
      <testcase name="Test Cases/Login" time="5.809" classname="Test Cases/Login" status="PASSED">
         <system-out><![CDATA[26-03-2024T21:53:07 - [TEST_CASE][PASSED] - Test Cases/Login: Test Cases/Login

26-03-2024T21:53:07 - [TEST_STEP][PASSED] - openBrowser(""): Browser is opened with url: ''

26-03-2024T21:53:07 - [MESSAGE][INFO] - Starting 'Chrome' driver

26-03-2024T21:53:07 - [MESSAGE][INFO] - Action delay is set to 0 milliseconds

26-03-2024T21:53:08 - [MESSAGE][PASSED] - Browser is opened with url: ''

26-03-2024T21:53:08 - [TEST_STEP][PASSED] - navigateToUrl("https://www.saucedemo.com/"): Navigate to 'https://www.saucedemo.com/' successfully

26-03-2024T21:53:09 - [MESSAGE][PASSED] - Navigate to 'https://www.saucedemo.com/' successfully

26-03-2024T21:53:09 - [TEST_STEP][PASSED] - maximizeWindow(): Current window maximized

26-03-2024T21:53:09 - [MESSAGE][PASSED] - Current window maximized

26-03-2024T21:53:09 - [TEST_STEP][PASSED] - setText(findTestObject("Object Repository/Page_Swag Labs/input_Swag Labs_user-name"), username): Text 'error_user' is set on object 'Object Repository/Page_Swag Labs/input_Swag Labs_user-name'

26-03-2024T21:53:11 - [MESSAGE][PASSED] - Text 'error_user' is set on object 'Object Repository/Page_Swag Labs/input_Swag Labs_user-name'

26-03-2024T21:53:11 - [TEST_STEP][PASSED] - setText(findTestObject("Object Repository/Page_Swag Labs/input_Swag Labs_password"), password): Text '' is set on object 'Object Repository/Page_Swag Labs/input_Swag Labs_password'

26-03-2024T21:53:12 - [MESSAGE][PASSED] - Text '' is set on object 'Object Repository/Page_Swag Labs/input_Swag Labs_password'

26-03-2024T21:53:12 - [TEST_STEP][PASSED] - click(findTestObject("Object Repository/Page_Swag Labs/input_Swag Labs_login-button")): Object: 'Object Repository/Page_Swag Labs/input_Swag Labs_login-button' is clicked on

26-03-2024T21:53:12 - [MESSAGE][PASSED] - Object: 'Object Repository/Page_Swag Labs/input_Swag Labs_login-button' is clicked on

26-03-2024T21:53:12 - [TEST_STEP][PASSED] - verifyTextPresent(verifytext, false): Text 'Epic sadface: Password is required' is present on page 

26-03-2024T21:53:13 - [MESSAGE][PASSED] - Text 'Epic sadface: Password is required' is present on page 

26-03-2024T21:53:13 - [TEST_STEP][PASSED] - closeBrowser(): Browser is closed

26-03-2024T21:53:13 - [MESSAGE][PASSED] - Browser is closed]]></system-out>
         <system-err><![CDATA[]]></system-err>
      </testcase>
      <testcase name="Test Cases/Login" time="5.404" classname="Test Cases/Login" status="PASSED">
         <system-out><![CDATA[26-03-2024T21:53:13 - [TEST_CASE][PASSED] - Test Cases/Login: Test Cases/Login

26-03-2024T21:53:13 - [TEST_STEP][PASSED] - openBrowser(""): Browser is opened with url: ''

26-03-2024T21:53:13 - [MESSAGE][INFO] - Starting 'Chrome' driver

26-03-2024T21:53:13 - [MESSAGE][INFO] - Action delay is set to 0 milliseconds

26-03-2024T21:53:14 - [MESSAGE][PASSED] - Browser is opened with url: ''

26-03-2024T21:53:14 - [TEST_STEP][PASSED] - navigateToUrl("https://www.saucedemo.com/"): Navigate to 'https://www.saucedemo.com/' successfully

26-03-2024T21:53:14 - [MESSAGE][PASSED] - Navigate to 'https://www.saucedemo.com/' successfully

26-03-2024T21:53:14 - [TEST_STEP][PASSED] - maximizeWindow(): Current window maximized

26-03-2024T21:53:15 - [MESSAGE][PASSED] - Current window maximized

26-03-2024T21:53:15 - [TEST_STEP][PASSED] - setText(findTestObject("Object Repository/Page_Swag Labs/input_Swag Labs_user-name"), username): Text '' is set on object 'Object Repository/Page_Swag Labs/input_Swag Labs_user-name'

26-03-2024T21:53:17 - [MESSAGE][PASSED] - Text '' is set on object 'Object Repository/Page_Swag Labs/input_Swag Labs_user-name'

26-03-2024T21:53:17 - [TEST_STEP][PASSED] - setText(findTestObject("Object Repository/Page_Swag Labs/input_Swag Labs_password"), password): Text '' is set on object 'Object Repository/Page_Swag Labs/input_Swag Labs_password'

26-03-2024T21:53:17 - [MESSAGE][PASSED] - Text '' is set on object 'Object Repository/Page_Swag Labs/input_Swag Labs_password'

26-03-2024T21:53:17 - [TEST_STEP][PASSED] - click(findTestObject("Object Repository/Page_Swag Labs/input_Swag Labs_login-button")): Object: 'Object Repository/Page_Swag Labs/input_Swag Labs_login-button' is clicked on

26-03-2024T21:53:18 - [MESSAGE][PASSED] - Object: 'Object Repository/Page_Swag Labs/input_Swag Labs_login-button' is clicked on

26-03-2024T21:53:18 - [TEST_STEP][PASSED] - verifyTextPresent(verifytext, false): Text 'Epic sadface: Username is required' is present on page 

26-03-2024T21:53:18 - [MESSAGE][PASSED] - Text 'Epic sadface: Username is required' is present on page 

26-03-2024T21:53:18 - [TEST_STEP][PASSED] - closeBrowser(): Browser is closed

26-03-2024T21:53:18 - [MESSAGE][PASSED] - Browser is closed]]></system-out>
         <system-err><![CDATA[]]></system-err>
      </testcase>
      <testcase name="Test Cases/Login" time="35.44" classname="Test Cases/Login" status="PASSED">
         <system-out><![CDATA[26-03-2024T21:53:18 - [TEST_CASE][PASSED] - Test Cases/Login: Test Cases/Login

26-03-2024T21:53:18 - [TEST_STEP][PASSED] - openBrowser(""): Browser is opened with url: ''

26-03-2024T21:53:18 - [MESSAGE][INFO] - Starting 'Chrome' driver

26-03-2024T21:53:18 - [MESSAGE][INFO] - Action delay is set to 0 milliseconds

26-03-2024T21:53:19 - [MESSAGE][PASSED] - Browser is opened with url: ''

26-03-2024T21:53:19 - [TEST_STEP][PASSED] - navigateToUrl("https://www.saucedemo.com/"): Navigate to 'https://www.saucedemo.com/' successfully

26-03-2024T21:53:20 - [MESSAGE][PASSED] - Navigate to 'https://www.saucedemo.com/' successfully

26-03-2024T21:53:20 - [TEST_STEP][PASSED] - maximizeWindow(): Current window maximized

26-03-2024T21:53:20 - [MESSAGE][PASSED] - Current window maximized

26-03-2024T21:53:20 - [TEST_STEP][PASSED] - setText(findTestObject("Object Repository/Page_Swag Labs/input_Swag Labs_user-name"), username): Text 'error' is set on object 'Object Repository/Page_Swag Labs/input_Swag Labs_user-name'

26-03-2024T21:53:23 - [MESSAGE][PASSED] - Text 'error' is set on object 'Object Repository/Page_Swag Labs/input_Swag Labs_user-name'

26-03-2024T21:53:23 - [TEST_STEP][PASSED] - setText(findTestObject("Object Repository/Page_Swag Labs/input_Swag Labs_password"), password): Text 'secret_sauce' is set on object 'Object Repository/Page_Swag Labs/input_Swag Labs_password'

26-03-2024T21:53:23 - [MESSAGE][PASSED] - Text 'secret_sauce' is set on object 'Object Repository/Page_Swag Labs/input_Swag Labs_password'

26-03-2024T21:53:23 - [TEST_STEP][PASSED] - click(findTestObject("Object Repository/Page_Swag Labs/input_Swag Labs_login-button")): Object: 'Object Repository/Page_Swag Labs/input_Swag Labs_login-button' is clicked on

26-03-2024T21:53:24 - [MESSAGE][PASSED] - Object: 'Object Repository/Page_Swag Labs/input_Swag Labs_login-button' is clicked on

26-03-2024T21:53:24 - [TEST_STEP][PASSED] - verifyTextPresent(verifytext, false): Text 'Epic sadface: Username and password do not match any user in this service' is present on page 

26-03-2024T21:53:54 - [MESSAGE][PASSED] - Text 'Epic sadface: Username and password do not match any user in this service' is present on page 

26-03-2024T21:53:54 - [TEST_STEP][PASSED] - closeBrowser(): Browser is closed

26-03-2024T21:53:54 - [MESSAGE][PASSED] - Browser is closed]]></system-out>
         <system-err><![CDATA[]]></system-err>
      </testcase>
      <testcase name="Test Cases/Login" time="34.955" classname="Test Cases/Login" status="PASSED">
         <system-out><![CDATA[26-03-2024T21:53:54 - [TEST_CASE][PASSED] - Test Cases/Login: Test Cases/Login

26-03-2024T21:53:54 - [TEST_STEP][PASSED] - openBrowser(""): Browser is opened with url: ''

26-03-2024T21:53:54 - [MESSAGE][INFO] - Starting 'Chrome' driver

26-03-2024T21:53:54 - [MESSAGE][INFO] - Action delay is set to 0 milliseconds

26-03-2024T21:53:55 - [MESSAGE][PASSED] - Browser is opened with url: ''

26-03-2024T21:53:55 - [TEST_STEP][PASSED] - navigateToUrl("https://www.saucedemo.com/"): Navigate to 'https://www.saucedemo.com/' successfully

26-03-2024T21:53:55 - [MESSAGE][PASSED] - Navigate to 'https://www.saucedemo.com/' successfully

26-03-2024T21:53:55 - [TEST_STEP][PASSED] - maximizeWindow(): Current window maximized

26-03-2024T21:53:55 - [MESSAGE][PASSED] - Current window maximized

26-03-2024T21:53:55 - [TEST_STEP][PASSED] - setText(findTestObject("Object Repository/Page_Swag Labs/input_Swag Labs_user-name"), username): Text 'error_user' is set on object 'Object Repository/Page_Swag Labs/input_Swag Labs_user-name'

26-03-2024T21:53:58 - [MESSAGE][PASSED] - Text 'error_user' is set on object 'Object Repository/Page_Swag Labs/input_Swag Labs_user-name'

26-03-2024T21:53:58 - [TEST_STEP][PASSED] - setText(findTestObject("Object Repository/Page_Swag Labs/input_Swag Labs_password"), password): Text 'sauce' is set on object 'Object Repository/Page_Swag Labs/input_Swag Labs_password'

26-03-2024T21:53:58 - [MESSAGE][PASSED] - Text 'sauce' is set on object 'Object Repository/Page_Swag Labs/input_Swag Labs_password'

26-03-2024T21:53:58 - [TEST_STEP][PASSED] - click(findTestObject("Object Repository/Page_Swag Labs/input_Swag Labs_login-button")): Object: 'Object Repository/Page_Swag Labs/input_Swag Labs_login-button' is clicked on

26-03-2024T21:53:59 - [MESSAGE][PASSED] - Object: 'Object Repository/Page_Swag Labs/input_Swag Labs_login-button' is clicked on

26-03-2024T21:53:59 - [TEST_STEP][PASSED] - verifyTextPresent(verifytext, false): Text 'Epic sadface: Username and password do not match any user in this service' is present on page 

26-03-2024T21:54:29 - [MESSAGE][PASSED] - Text 'Epic sadface: Username and password do not match any user in this service' is present on page 

26-03-2024T21:54:29 - [TEST_STEP][PASSED] - closeBrowser(): Browser is closed

26-03-2024T21:54:29 - [MESSAGE][PASSED] - Browser is closed]]></system-out>
         <system-err><![CDATA[]]></system-err>
      </testcase>
      <testcase name="Test Cases/Login" time="35.082" classname="Test Cases/Login" status="PASSED">
         <system-out><![CDATA[26-03-2024T21:54:29 - [TEST_CASE][PASSED] - Test Cases/Login: Test Cases/Login

26-03-2024T21:54:29 - [TEST_STEP][PASSED] - openBrowser(""): Browser is opened with url: ''

26-03-2024T21:54:29 - [MESSAGE][INFO] - Starting 'Chrome' driver

26-03-2024T21:54:29 - [MESSAGE][INFO] - Action delay is set to 0 milliseconds

26-03-2024T21:54:30 - [MESSAGE][PASSED] - Browser is opened with url: ''

26-03-2024T21:54:30 - [TEST_STEP][PASSED] - navigateToUrl("https://www.saucedemo.com/"): Navigate to 'https://www.saucedemo.com/' successfully

26-03-2024T21:54:30 - [MESSAGE][PASSED] - Navigate to 'https://www.saucedemo.com/' successfully

26-03-2024T21:54:30 - [TEST_STEP][PASSED] - maximizeWindow(): Current window maximized

26-03-2024T21:54:31 - [MESSAGE][PASSED] - Current window maximized

26-03-2024T21:54:31 - [TEST_STEP][PASSED] - setText(findTestObject("Object Repository/Page_Swag Labs/input_Swag Labs_user-name"), username): Text 'user' is set on object 'Object Repository/Page_Swag Labs/input_Swag Labs_user-name'

26-03-2024T21:54:33 - [MESSAGE][PASSED] - Text 'user' is set on object 'Object Repository/Page_Swag Labs/input_Swag Labs_user-name'

26-03-2024T21:54:33 - [TEST_STEP][PASSED] - setText(findTestObject("Object Repository/Page_Swag Labs/input_Swag Labs_password"), password): Text 'sauce' is set on object 'Object Repository/Page_Swag Labs/input_Swag Labs_password'

26-03-2024T21:54:33 - [MESSAGE][PASSED] - Text 'sauce' is set on object 'Object Repository/Page_Swag Labs/input_Swag Labs_password'

26-03-2024T21:54:33 - [TEST_STEP][PASSED] - click(findTestObject("Object Repository/Page_Swag Labs/input_Swag Labs_login-button")): Object: 'Object Repository/Page_Swag Labs/input_Swag Labs_login-button' is clicked on

26-03-2024T21:54:34 - [MESSAGE][PASSED] - Object: 'Object Repository/Page_Swag Labs/input_Swag Labs_login-button' is clicked on

26-03-2024T21:54:34 - [TEST_STEP][PASSED] - verifyTextPresent(verifytext, false): Text 'Epic sadface: Username and password do not match any user in this service' is present on page 

26-03-2024T21:55:04 - [MESSAGE][PASSED] - Text 'Epic sadface: Username and password do not match any user in this service' is present on page 

26-03-2024T21:55:04 - [TEST_STEP][PASSED] - closeBrowser(): Browser is closed

26-03-2024T21:55:04 - [MESSAGE][PASSED] - Browser is closed]]></system-out>
         <system-err><![CDATA[]]></system-err>
      </testcase>
      <testcase name="Test Cases/Login" time="5.563" classname="Test Cases/Login" status="PASSED">
         <system-out><![CDATA[26-03-2024T21:55:04 - [TEST_CASE][PASSED] - Test Cases/Login: Test Cases/Login

26-03-2024T21:55:04 - [TEST_STEP][PASSED] - openBrowser(""): Browser is opened with url: ''

26-03-2024T21:55:04 - [MESSAGE][INFO] - Starting 'Chrome' driver

26-03-2024T21:55:04 - [MESSAGE][INFO] - Action delay is set to 0 milliseconds

26-03-2024T21:55:05 - [MESSAGE][PASSED] - Browser is opened with url: ''

26-03-2024T21:55:05 - [TEST_STEP][PASSED] - navigateToUrl("https://www.saucedemo.com/"): Navigate to 'https://www.saucedemo.com/' successfully

26-03-2024T21:55:06 - [MESSAGE][PASSED] - Navigate to 'https://www.saucedemo.com/' successfully

26-03-2024T21:55:06 - [TEST_STEP][PASSED] - maximizeWindow(): Current window maximized

26-03-2024T21:55:06 - [MESSAGE][PASSED] - Current window maximized

26-03-2024T21:55:06 - [TEST_STEP][PASSED] - setText(findTestObject("Object Repository/Page_Swag Labs/input_Swag Labs_user-name"), username): Text 'error_user' is set on object 'Object Repository/Page_Swag Labs/input_Swag Labs_user-name'

26-03-2024T21:55:08 - [MESSAGE][PASSED] - Text 'error_user' is set on object 'Object Repository/Page_Swag Labs/input_Swag Labs_user-name'

26-03-2024T21:55:08 - [TEST_STEP][PASSED] - setText(findTestObject("Object Repository/Page_Swag Labs/input_Swag Labs_password"), password): Text 'secret_sauce' is set on object 'Object Repository/Page_Swag Labs/input_Swag Labs_password'

26-03-2024T21:55:09 - [MESSAGE][PASSED] - Text 'secret_sauce' is set on object 'Object Repository/Page_Swag Labs/input_Swag Labs_password'

26-03-2024T21:55:09 - [TEST_STEP][PASSED] - click(findTestObject("Object Repository/Page_Swag Labs/input_Swag Labs_login-button")): Object: 'Object Repository/Page_Swag Labs/input_Swag Labs_login-button' is clicked on

26-03-2024T21:55:09 - [MESSAGE][PASSED] - Object: 'Object Repository/Page_Swag Labs/input_Swag Labs_login-button' is clicked on

26-03-2024T21:55:09 - [TEST_STEP][PASSED] - verifyTextPresent(verifytext, false): Text 'Products' is present on page 

26-03-2024T21:55:09 - [MESSAGE][PASSED] - Text 'Products' is present on page 

26-03-2024T21:55:09 - [TEST_STEP][PASSED] - closeBrowser(): Browser is closed

26-03-2024T21:55:10 - [MESSAGE][PASSED] - Browser is closed]]></system-out>
         <system-err><![CDATA[]]></system-err>
      </testcase>
      <system-out><![CDATA[26-03-2024T21:53:00 - [TEST_SUITE][PASSED] - LoginTest: Test Cases/Login]]></system-out>
      <system-err><![CDATA[]]></system-err>
   </testsuite>
</testsuites>
